<?xml version="1.0" encoding="UTF-8"?>
<!-- Generated by org.testng.reporters.JUnitXMLReporter -->
<testsuite hostname="IT364925" ignored="0" name="Test" tests="4" failures="0" timestamp="06 Sep 2018 04:03:53 GMT" time="82.55" errors="0">
  <testcase name="Login" time="11.203" classname="E2EPackage.URLCheckTC1"/>
  <testcase name="loginFunction" time="28.117" classname="E2EPackage.LoginTC2"/>
  <testcase name="loginFunction" time="26.31" classname="E2EPackage.LoginTC2"/>
  <testcase name="assertNavigationBar" time="0.049" classname="E2EPackage.AssertNavigationBarTC3"/>
</testsuite> <!-- Test -->
