<?xml version="1.0" encoding="UTF-8"?>
<testng-results skipped="0" failed="0" ignored="0" total="4" passed="4">
  <reporter-output>
  </reporter-output>
  <suite name="Suite" duration-ms="82550" started-at="2018-09-06T04:02:31Z" finished-at="2018-09-06T04:03:53Z">
    <groups>
    </groups>
    <test name="Test" duration-ms="82550" started-at="2018-09-06T04:02:31Z" finished-at="2018-09-06T04:03:53Z">
      <class name="E2EPackage.AssertNavigationBarTC3">
        <test-method status="PASS" signature="intitializer()[pri:0, instance:E2EPackage.AssertNavigationBarTC3@5ba3f27a]" name="intitializer" is-config="true" duration-ms="12630" started-at="2018-09-06T04:02:31Z" finished-at="2018-09-06T04:02:43Z">
          <reporter-output>
          </reporter-output>
        </test-method> <!-- intitializer -->
        <test-method status="PASS" signature="intializer()[pri:0, instance:E2EPackage.LoginTC2@21e360a]" name="intializer" is-config="true" duration-ms="3498" started-at="2018-09-06T04:02:43Z" finished-at="2018-09-06T04:02:47Z">
          <reporter-output>
          </reporter-output>
        </test-method> <!-- intializer -->
        <test-method status="PASS" signature="assertNavigationBar()[pri:0, instance:E2EPackage.AssertNavigationBarTC3@5ba3f27a]" name="assertNavigationBar" duration-ms="49" started-at="2018-09-06T04:03:52Z" finished-at="2018-09-06T04:03:52Z">
          <reporter-output>
          </reporter-output>
        </test-method> <!-- assertNavigationBar -->
        <test-method status="PASS" signature="closeBrowser()[pri:0, instance:E2EPackage.AssertNavigationBarTC3@5ba3f27a]" name="closeBrowser" is-config="true" duration-ms="242" started-at="2018-09-06T04:03:52Z" finished-at="2018-09-06T04:03:53Z">
          <reporter-output>
          </reporter-output>
        </test-method> <!-- closeBrowser -->
        <test-method status="PASS" signature="close()[pri:0, instance:E2EPackage.LoginTC2@21e360a]" name="close" is-config="true" duration-ms="284" started-at="2018-09-06T04:03:53Z" finished-at="2018-09-06T04:03:53Z">
          <reporter-output>
          </reporter-output>
        </test-method> <!-- close -->
        <test-method status="PASS" signature="teardown()[pri:0, instance:E2EPackage.URLCheckTC1@58d75e99]" name="teardown" is-config="true" duration-ms="179" started-at="2018-09-06T04:03:53Z" finished-at="2018-09-06T04:03:53Z">
          <reporter-output>
          </reporter-output>
        </test-method> <!-- teardown -->
      </class> <!-- E2EPackage.AssertNavigationBarTC3 -->
      <class name="E2EPackage.LoginTC2">
        <test-method status="PASS" signature="loginFunction(java.lang.String, java.lang.String)[pri:0, instance:E2EPackage.LoginTC2@21e360a]" name="loginFunction" duration-ms="28117" started-at="2018-09-06T04:02:58Z" data-provider="loginDataInput" finished-at="2018-09-06T04:03:26Z">
          <params>
            <param index="0">
              <value>
                <![CDATA[venkat1793]]>
              </value>
            </param>
            <param index="1">
              <value>
                <![CDATA[venky12345]]>
              </value>
            </param>
          </params>
          <reporter-output>
          </reporter-output>
        </test-method> <!-- loginFunction -->
        <test-method status="PASS" signature="loginFunction(java.lang.String, java.lang.String)[pri:0, instance:E2EPackage.LoginTC2@21e360a]" name="loginFunction" duration-ms="26310" started-at="2018-09-06T04:03:26Z" data-provider="loginDataInput" finished-at="2018-09-06T04:03:52Z">
          <params>
            <param index="0">
              <value>
                <![CDATA[kanda12]]>
              </value>
            </param>
            <param index="1">
              <value>
                <![CDATA[kandish1123]]>
              </value>
            </param>
          </params>
          <reporter-output>
          </reporter-output>
        </test-method> <!-- loginFunction -->
      </class> <!-- E2EPackage.LoginTC2 -->
      <class name="E2EPackage.URLCheckTC1">
        <test-method status="PASS" signature="Login()[pri:0, instance:E2EPackage.URLCheckTC1@58d75e99]" name="Login" duration-ms="11203" started-at="2018-09-06T04:02:47Z" finished-at="2018-09-06T04:02:58Z">
          <reporter-output>
          </reporter-output>
        </test-method> <!-- Login -->
      </class> <!-- E2EPackage.URLCheckTC1 -->
    </test> <!-- Test -->
  </suite> <!-- Suite -->
</testng-results>
