<?xml version="1.0" encoding="UTF-8"?>
<testsuite xmlns:xsi="http://www.w3.org/2001/XMLSchema-instance" xsi:noNamespaceSchemaLocation="https://maven.apache.org/surefire/maven-surefire-plugin/xsd/surefire-test-report.xsd" name="TestSuite" time="83.632" tests="4" errors="0" skipped="0" failures="0">
  <properties>
[...]
</properties>
  <testcase name="Login" classname="E2EPackage.URLCheckTC1" time="11.207"/>
  <testcase name="loginFunction" classname="E2EPackage.LoginTC2" time="28.111"/>
  <testcase name="loginFunction" classname="E2EPackage.LoginTC2" time="26.31"/>
  <testcase name="assertNavigationBar" classname="E2EPackage.AssertNavigationBarTC3" time="0.049"/>
</testsuite>