<?xml version="1.0" encoding="UTF-8"?>
<testng-results skipped="0" failed="0" ignored="0" total="1" passed="1">
  <reporter-output>
  </reporter-output>
  <suite name="Default suite" duration-ms="7284" started-at="2018-09-09T11:46:48Z" finished-at="2018-09-09T11:46:56Z">
    <groups>
    </groups>
    <test name="Default test" duration-ms="7284" started-at="2018-09-09T11:46:48Z" finished-at="2018-09-09T11:46:56Z">
      <class name="E2EPackage.TestClick">
        <test-method status="PASS" signature="testclickone()[pri:0, instance:E2EPackage.TestClick@2f9f7dcf]" name="testclickone" duration-ms="7259" started-at="2018-09-09T11:46:48Z" finished-at="2018-09-09T11:46:56Z">
          <reporter-output>
          </reporter-output>
        </test-method> <!-- testclickone -->
      </class> <!-- E2EPackage.TestClick -->
    </test> <!-- Default test -->
  </suite> <!-- Default suite -->
</testng-results>
